\BOOKMARK [0][-]{chapter.1}{Introduction}{}% 1
\BOOKMARK [-1][-]{part.1}{I Algorithmic information theory}{}% 2
\BOOKMARK [0][-]{chapter.2}{Algorithmic thermodynamics}{part.1}% 3
\BOOKMARK [1][-]{section.2.1}{Introduction}{chapter.2}% 4
\BOOKMARK [1][-]{section.2.2}{Related Work}{chapter.2}% 5
\BOOKMARK [1][-]{section.2.3}{Algorithmic Entropy}{chapter.2}% 6
\BOOKMARK [1][-]{section.2.4}{Algorithmic Thermodynamics}{chapter.2}% 7
\BOOKMARK [2][-]{subsection.2.4.1}{Elementary Relations}{section.2.4}% 8
\BOOKMARK [2][-]{subsection.2.4.2}{Thermodynamic Cycles}{section.2.4}% 9
\BOOKMARK [2][-]{subsection.2.4.3}{Further Relations}{section.2.4}% 10
\BOOKMARK [2][-]{subsection.2.4.4}{Convergence}{section.2.4}% 11
\BOOKMARK [2][-]{subsection.2.4.5}{Computability}{section.2.4}% 12
\BOOKMARK [1][-]{section.2.5}{Conclusions}{chapter.2}% 13
\BOOKMARK [0][-]{chapter.3}{Critical time}{part.1}% 14
\BOOKMARK [1][-]{section.3.1}{Introduction}{chapter.3}% 15
\BOOKMARK [1][-]{section.3.2}{A case study}{chapter.3}% 16
\BOOKMARK [1][-]{section.3.3}{Notation}{chapter.3}% 17
\BOOKMARK [1][-]{section.3.4}{Halting according to a computable time distribution}{chapter.3}% 18
\BOOKMARK [1][-]{section.3.5}{How long does it take for a halting program to stop?}{chapter.3}% 19
\BOOKMARK [1][-]{section.3.6}{Can a program stop at an algorithmically random time?}{chapter.3}% 20
\BOOKMARK [1][-]{section.3.7}{Halting probabilities for different universal machines}{chapter.3}% 21
\BOOKMARK [1][-]{section.3.8}{Final comments}{chapter.3}% 22
\BOOKMARK [-1][-]{part.2}{II Symmetric monoidal closed categories and bicategories}{}% 23
\BOOKMARK [0][-]{chapter.1}{The Rosetta Stone}{part.2}% 24
\BOOKMARK [1][-]{section.1.1}{The Analogy Between Physics and Topology}{chapter.1}% 25
\BOOKMARK [1][-]{section.1.2}{Background}{chapter.1}% 26
\BOOKMARK [1][-]{section.1.3}{Categories}{chapter.1}% 27
\BOOKMARK [1][-]{section.1.4}{Monoidal Categories}{chapter.1}% 28
\BOOKMARK [1][-]{section.1.5}{Braided Monoidal Categories}{chapter.1}% 29
\BOOKMARK [1][-]{section.1.6}{Symmetric Monoidal Categories}{chapter.1}% 30
\BOOKMARK [1][-]{section.1.7}{Closed Categories}{chapter.1}% 31
\BOOKMARK [1][-]{section.1.8}{Dagger Categories}{chapter.1}% 32
\BOOKMARK [1][-]{section.1.9}{Logic}{chapter.1}% 33
\BOOKMARK [1][-]{section.1.10}{Background}{chapter.1}% 34
\BOOKMARK [1][-]{section.1.11}{Proofs as Morphisms}{chapter.1}% 35
\BOOKMARK [1][-]{section.1.12}{Logical Theories from Categories}{chapter.1}% 36
\BOOKMARK [1][-]{section.1.13}{Computation}{chapter.1}% 37
\BOOKMARK [1][-]{section.1.14}{Background}{chapter.1}% 38
\BOOKMARK [1][-]{section.1.15}{The Typed Lambda Calculus}{chapter.1}% 39
\BOOKMARK [1][-]{section.1.16}{Linear Type Theories}{chapter.1}% 40
\BOOKMARK [1][-]{section.1.17}{Conclusions}{chapter.1}% 41
\BOOKMARK [0][-]{chapter.2}{Compact Closed Bicategories}{part.2}% 42
\BOOKMARK [1][-]{section.2.1}{Introduction}{chapter.2}% 43
\BOOKMARK [1][-]{section.2.2}{Examples}{chapter.2}% 44
\BOOKMARK [1][-]{section.2.3}{Previous work}{chapter.2}% 45
\BOOKMARK [1][-]{section.2.4}{Compact closed bicategories}{chapter.2}% 46
\BOOKMARK [1][-]{section.2.5}{Bicategories of spans}{chapter.2}% 47
\BOOKMARK [1][-]{section.2.6}{Proofs}{chapter.2}% 48
