This is pdfTeX, Version 3.14159265-2.6-1.40.15 (TeX Live 2014/MacPorts 2014_7) (preloaded format=latex 2014.11.28)  5 APR 2015 20:15
entering extended mode
 restricted \write18 enabled.
 %&-line parsing enabled.
**phdthesis.tex
(./phdthesis.tex
LaTeX2e <2014/05/01>
Babel <3.9k> and hyphenation patterns for 43 languages loaded.
(/opt/local/share/texmf-texlive/tex/latex/base/report.cls
Document Class: report 2007/10/19 v1.4h Standard LaTeX document class
(/opt/local/share/texmf-texlive/tex/latex/base/size12.clo
File: size12.clo 2007/10/19 v1.4h Standard LaTeX file (size option)
)
\c@part=\count79
\c@chapter=\count80
\c@section=\count81
\c@subsection=\count82
\c@subsubsection=\count83
\c@paragraph=\count84
\c@subparagraph=\count85
\c@figure=\count86
\c@table=\count87
\abovecaptionskip=\skip41
\belowcaptionskip=\skip42
\bibindent=\dimen102
)
(/opt/local/share/texmf-texlive/tex/latex/etex-pkg/etex.sty
Package: etex 1998/03/26 v2.0 eTeX basic definition package (PEB)
\et@xins=\count88
)
(/opt/local/share/texmf-texlive/tex/generic/xypic/xy.sty
(/opt/local/share/texmf-texlive/tex/generic/xypic/xy.tex Bootstrap'ing:
catcodes, docmode,
(/opt/local/share/texmf-texlive/tex/generic/xypic/xyrecat.tex)
(/opt/local/share/texmf-texlive/tex/generic/xypic/xyidioms.tex)

 Xy-pic version 3.8.9 <2013/10/06>
 Copyright (c) 1991-2013 by Kristoffer H. Rose <krisrose@tug.org> and others
 Xy-pic is free software: see the User's Guide for details.

Loading kernel: messages; fonts; allocations: state,
\X@c=\dimen103
\Y@c=\dimen104
\U@c=\dimen105
\D@c=\dimen106
\L@c=\dimen107
\R@c=\dimen108
\Edge@c=\toks14
\X@p=\dimen109
\Y@p=\dimen110
\U@p=\dimen111
\D@p=\dimen112
\L@p=\dimen113
\R@p=\dimen114
\Edge@p=\toks15
\X@origin=\dimen115
\Y@origin=\dimen116
\X@xbase=\dimen117
\Y@xbase=\dimen118
\X@ybase=\dimen119
\Y@ybase=\dimen120
\X@min=\dimen121
\Y@min=\dimen122
\X@max=\dimen123
\Y@max=\dimen124
\lastobjectbox@=\box26
\zerodotbox@=\box27
\almostz@=\dimen125
 direction,
\d@X=\dimen126
\d@Y=\dimen127
\K@=\count89
\KK@=\count90
\Direction=\count91
\K@dXdY=\dimen128
\K@dYdX=\dimen129
\xyread@=\read1
\xywrite@=\write3
\csp@=\count92
\quotPTK@=\dimen130

utility macros; pictures: \xy, positions,
\swaptoks@@=\toks16
\connectobjectbox@@=\box28
 objects,
\styletoks@=\toks17
 decorations;
kernel objects: directionals, circles, text; options; algorithms: directions,
edges, connections;  Xy-pic loaded)
(/opt/local/share/texmf-texlive/tex/generic/oberdiek/ifpdf.sty
Package: ifpdf 2011/01/30 v2.3 Provides the ifpdf switch (HO)
Package ifpdf Info: pdfTeX in PDF mode is not detected.
)
Package: xy 2013/10/06 Xy-pic version 3.8.9

(/opt/local/share/texmf-texlive/tex/generic/xypic/xyall.tex
 Xy-pic option: All features v.3.8
(/opt/local/share/texmf-texlive/tex/generic/xypic/xycurve.tex
 Xy-pic option: Curve and Spline extension v.3.12 curve,
\crv@cnt@=\count93
\crvpts@=\toks18
\splinebox@=\box29
\splineval@=\dimen131
\splinedepth@=\dimen132
\splinetol@=\dimen133
\splinelength@=\dimen134
 circles,
\L@=\dimen135
 loaded)
(/opt/local/share/texmf-texlive/tex/generic/xypic/xyframe.tex
 Xy-pic option: Frame and Bracket extension v.3.14 loaded)
(/opt/local/share/texmf-texlive/tex/generic/xypic/xycmtip.tex
 Xy-pic option: Computer Modern tip extension v.3.7
(/opt/local/share/texmf-texlive/tex/generic/xypic/xytips.tex
 Xy-pic option: More Tips extension v.3.11 loaded) loaded)
(/opt/local/share/texmf-texlive/tex/generic/xypic/xyline.tex
 Xy-pic option: Line styles extension v.3.10
\xylinethick@=\dimen136
 loaded)
(/opt/local/share/texmf-texlive/tex/generic/xypic/xyrotate.tex
 Xy-pic option: Rotate and Scale extension v.3.8 loaded)
(/opt/local/share/texmf-texlive/tex/generic/xypic/xycolor.tex
 Xy-pic option: Colour extension v.3.11 loaded)
(/opt/local/share/texmf-texlive/tex/generic/xypic/xymatrix.tex
 Xy-pic option: Matrix feature v.3.14
\Row=\count94
\Col=\count95
\queue@=\toks19
\queue@@=\toks20
\qcount@=\count96
\qcount@@=\count97
\matrixsize@=\count98
 loaded)
(/opt/local/share/texmf-texlive/tex/generic/xypic/xyarrow.tex
 Xy-pic option: Arrow and Path feature v.3.9 path, \ar, loaded)
(/opt/local/share/texmf-texlive/tex/generic/xypic/xygraph.tex
 Xy-pic option: Graph feature v.3.11 loaded) loaded)) (./pb-diagram.sty
\dgARROWLENGTH=\skip43
\dgTEXTARROWLENGTH=\skip44
\dgHORIZPAD=\skip45
\dgVERTPAD=\skip46
\dgLABELOFFSET=\skip47
\dgARROWPARTS=\count99
\dgDOTSPACING=\skip48
\dgDOTSIZE=\skip49
\dgMAXSQUARE=\count100
\dgMINDBLSQ=\count101
\dgCOLUMNWIDTH=\skip50
\dg@HORIZ=\count102
\dg@VERT=\count103
\dg@XLPAD=\count104
\dg@YBPAD=\count105
\dg@XRPAD=\count106
\dg@YTPAD=\count107
\dg@X=\count108
\dg@Y=\count109
\dg@XGRID=\count110
\dg@YGRID=\count111
\dg@SIZE=\count112
\dg@USERSIZE=\count113
\dg@DX=\count114
\dg@DY=\count115
\dg@XLBL=\count116
\dg@YLBL=\count117
\dg@XOFFSET=\count118
\dg@YOFFSET=\count119
\dg@LBLOFF=\count120
\dg@XLBLOFF=\count121
\dg@YLBLOFF=\count122
\dg@LBLPOS=\count123
\dg@XTEMP=\count124
\dg@YTEMP=\count125
\dg@ZTEMP=\count126
\dg@XNODE=\count127
\dg@YNODE=\count128
\dg@XEND=\count129
\dg@YEND=\count130
\dg@WEND=\count131
\dg@HEND=\count132
\dg@COUNT=\count133
\dg@NODEBOX=\box30
\dg@LABONEBOX=\box31
\dg@LABTWOBOX=\box32
)
(/opt/local/share/texmf-texlive/tex/latex/amsfonts/amsfonts.sty
Package: amsfonts 2013/01/14 v3.01 Basic AMSFonts support
\@emptytoks=\toks21
\symAMSa=\mathgroup4
\symAMSb=\mathgroup5
LaTeX Font Info:    Overwriting math alphabet `\mathfrak' in version `bold'
(Font)                  U/euf/m/n --> U/euf/b/n on input line 106.
)
(/opt/local/share/texmf-texlive/tex/latex/amsfonts/amssymb.sty
Package: amssymb 2013/01/14 v3.01 AMS font symbols
)
(/opt/local/share/texmf-texlive/tex/latex/amsmath/amsmath.sty
Package: amsmath 2013/01/14 v2.14 AMS math features
\@mathmargin=\skip51

For additional information on amsmath, use the `?' option.
(/opt/local/share/texmf-texlive/tex/latex/amsmath/amstext.sty
Package: amstext 2000/06/29 v2.01

(/opt/local/share/texmf-texlive/tex/latex/amsmath/amsgen.sty
File: amsgen.sty 1999/11/30 v2.0
\@emptytoks=\toks22
\ex@=\dimen137
))
(/opt/local/share/texmf-texlive/tex/latex/amsmath/amsbsy.sty
Package: amsbsy 1999/11/29 v1.2d
\pmbraise@=\dimen138
)
(/opt/local/share/texmf-texlive/tex/latex/amsmath/amsopn.sty
Package: amsopn 1999/12/14 v2.01 operator names
)
\inf@bad=\count134
LaTeX Info: Redefining \frac on input line 210.
\uproot@=\count135
\leftroot@=\count136
LaTeX Info: Redefining \overline on input line 306.
\classnum@=\count137
\DOTSCASE@=\count138
LaTeX Info: Redefining \ldots on input line 378.
LaTeX Info: Redefining \dots on input line 381.
LaTeX Info: Redefining \cdots on input line 466.
\Mathstrutbox@=\box33
\strutbox@=\box34
\big@size=\dimen139
LaTeX Font Info:    Redeclaring font encoding OML on input line 566.
LaTeX Font Info:    Redeclaring font encoding OMS on input line 567.
\macc@depth=\count139
\c@MaxMatrixCols=\count140
\dotsspace@=\muskip10
\c@parentequation=\count141
\dspbrk@lvl=\count142
\tag@help=\toks23
\row@=\count143
\column@=\count144
\maxfields@=\count145
\andhelp@=\toks24
\eqnshift@=\dimen140
\alignsep@=\dimen141
\tagshift@=\dimen142
\tagwidth@=\dimen143
\totwidth@=\dimen144
\lineht@=\dimen145
\@envbody=\toks25
\multlinegap=\skip52
\multlinetaggap=\skip53
\mathdisplay@stack=\toks26
LaTeX Info: Redefining \[ on input line 2665.
LaTeX Info: Redefining \] on input line 2666.
)
(/opt/local/share/texmf/tex/latex/pgf/frontendlayer/tikz.sty
(/opt/local/share/texmf/tex/latex/pgf/basiclayer/pgf.sty
(/opt/local/share/texmf/tex/latex/pgf/utilities/pgfrcs.sty
(/opt/local/share/texmf/tex/generic/pgf/utilities/pgfutil-common.tex
\pgfutil@everybye=\toks27
\pgfutil@tempdima=\dimen146
\pgfutil@tempdimb=\dimen147

(/opt/local/share/texmf/tex/generic/pgf/utilities/pgfutil-common-lists.tex))
(/opt/local/share/texmf/tex/generic/pgf/utilities/pgfutil-latex.def
\pgfutil@abb=\box35

(/opt/local/share/texmf-texlive/tex/latex/ms/everyshi.sty
Package: everyshi 2001/05/15 v3.00 EveryShipout Package (MS)
))
(/opt/local/share/texmf/tex/generic/pgf/utilities/pgfrcs.code.tex
Package: pgfrcs 2013/12/20 v3.0.0 (rcs-revision 1.28)
))
Package: pgf 2013/12/18 v3.0.0 (rcs-revision 1.14)

(/opt/local/share/texmf/tex/latex/pgf/basiclayer/pgfcore.sty
(/opt/local/share/texmf-texlive/tex/latex/graphics/graphicx.sty
Package: graphicx 2014/04/25 v1.0g Enhanced LaTeX Graphics (DPC,SPQR)

(/opt/local/share/texmf-texlive/tex/latex/graphics/keyval.sty
Package: keyval 2014/05/08 v1.15 key=value parser (DPC)
\KV@toks@=\toks28
)
(/opt/local/share/texmf-texlive/tex/latex/graphics/graphics.sty
Package: graphics 2009/02/05 v1.0o Standard LaTeX Graphics (DPC,SPQR)

(/opt/local/share/texmf-texlive/tex/latex/graphics/trig.sty
Package: trig 1999/03/16 v1.09 sin cos tan (DPC)
)
(/opt/local/share/texmf-texlive/tex/latex/latexconfig/graphics.cfg
File: graphics.cfg 2010/04/23 v1.9 graphics configuration of TeX Live
)
Package graphics Info: Driver file: dvips.def on input line 91.

(/opt/local/share/texmf-texlive/tex/latex/graphics/dvips.def
File: dvips.def 2014/04/23 v3.0j Driver-dependant file (DPC,SPQR)
))
\Gin@req@height=\dimen148
\Gin@req@width=\dimen149
)
(/opt/local/share/texmf/tex/latex/pgf/systemlayer/pgfsys.sty
(/opt/local/share/texmf/tex/generic/pgf/systemlayer/pgfsys.code.tex
Package: pgfsys 2013/11/30 v3.0.0 (rcs-revision 1.47)

(/opt/local/share/texmf/tex/generic/pgf/utilities/pgfkeys.code.tex
\pgfkeys@pathtoks=\toks29
\pgfkeys@temptoks=\toks30

(/opt/local/share/texmf/tex/generic/pgf/utilities/pgfkeysfiltered.code.tex
\pgfkeys@tmptoks=\toks31
))
\pgf@x=\dimen150
\pgf@y=\dimen151
\pgf@xa=\dimen152
\pgf@ya=\dimen153
\pgf@xb=\dimen154
\pgf@yb=\dimen155
\pgf@xc=\dimen156
\pgf@yc=\dimen157
\w@pgf@writea=\write4
\r@pgf@reada=\read2
\c@pgf@counta=\count146
\c@pgf@countb=\count147
\c@pgf@countc=\count148
\c@pgf@countd=\count149
\t@pgf@toka=\toks32
\t@pgf@tokb=\toks33
\t@pgf@tokc=\toks34

(/opt/local/share/texmf/tex/generic/pgf/systemlayer/pgf.cfg
File: pgf.cfg 2008/05/14  (rcs-revision 1.7)
)
Driver file for pgf: pgfsys-dvips.def

(/opt/local/share/texmf/tex/generic/pgf/systemlayer/pgfsys-dvips.def
File: pgfsys-dvips.def 2013/07/16  (rcs-revision 1.23)

(/opt/local/share/texmf/tex/generic/pgf/systemlayer/pgfsys-common-postscript.de
f
File: pgfsys-common-postscript.def 2008/10/01  (rcs-revision 1.22)
\pgf@objectcount=\count150
)))
(/opt/local/share/texmf/tex/generic/pgf/systemlayer/pgfsyssoftpath.code.tex
File: pgfsyssoftpath.code.tex 2013/09/09  (rcs-revision 1.9)
\pgfsyssoftpath@smallbuffer@items=\count151
\pgfsyssoftpath@bigbuffer@items=\count152
)
(/opt/local/share/texmf/tex/generic/pgf/systemlayer/pgfsysprotocol.code.tex
File: pgfsysprotocol.code.tex 2006/10/16  (rcs-revision 1.4)
))
(/opt/local/share/texmf-texlive/tex/latex/xcolor/xcolor.sty
Package: xcolor 2007/01/21 v2.11 LaTeX color extensions (UK)

(/opt/local/share/texmf-texlive/tex/latex/latexconfig/color.cfg
File: color.cfg 2007/01/18 v1.5 color configuration of teTeX/TeXLive
)
Package xcolor Info: Driver file: dvips.def on input line 225.
Package xcolor Info: Model `cmy' substituted by `cmy0' on input line 1337.
Package xcolor Info: Model `RGB' extended on input line 1353.
Package xcolor Info: Model `HTML' substituted by `rgb' on input line 1355.
Package xcolor Info: Model `Hsb' substituted by `hsb' on input line 1356.
Package xcolor Info: Model `tHsb' substituted by `hsb' on input line 1357.
Package xcolor Info: Model `HSB' substituted by `hsb' on input line 1358.
Package xcolor Info: Model `Gray' substituted by `gray' on input line 1359.
Package xcolor Info: Model `wave' substituted by `hsb' on input line 1360.
)
(/opt/local/share/texmf/tex/generic/pgf/basiclayer/pgfcore.code.tex
Package: pgfcore 2010/04/11 v3.0.0 (rcs-revision 1.7)

(/opt/local/share/texmf/tex/generic/pgf/math/pgfmath.code.tex
(/opt/local/share/texmf/tex/generic/pgf/math/pgfmathcalc.code.tex
(/opt/local/share/texmf/tex/generic/pgf/math/pgfmathutil.code.tex)
(/opt/local/share/texmf/tex/generic/pgf/math/pgfmathparser.code.tex
\pgfmath@dimen=\dimen158
\pgfmath@count=\count153
\pgfmath@box=\box36
\pgfmath@toks=\toks35
\pgfmath@stack@operand=\toks36
\pgfmath@stack@operation=\toks37
)
(/opt/local/share/texmf/tex/generic/pgf/math/pgfmathfunctions.code.tex
(/opt/local/share/texmf/tex/generic/pgf/math/pgfmathfunctions.basic.code.tex)
(/opt/local/share/texmf/tex/generic/pgf/math/pgfmathfunctions.trigonometric.cod
e.tex)
(/opt/local/share/texmf/tex/generic/pgf/math/pgfmathfunctions.random.code.tex)
(/opt/local/share/texmf/tex/generic/pgf/math/pgfmathfunctions.comparison.code.t
ex) (/opt/local/share/texmf/tex/generic/pgf/math/pgfmathfunctions.base.code.tex
) (/opt/local/share/texmf/tex/generic/pgf/math/pgfmathfunctions.round.code.tex)
(/opt/local/share/texmf/tex/generic/pgf/math/pgfmathfunctions.misc.code.tex)
(/opt/local/share/texmf/tex/generic/pgf/math/pgfmathfunctions.integerarithmetic
s.code.tex)))
(/opt/local/share/texmf/tex/generic/pgf/math/pgfmathfloat.code.tex
\c@pgfmathroundto@lastzeros=\count154
))
(/opt/local/share/texmf/tex/generic/pgf/basiclayer/pgfcorepoints.code.tex
File: pgfcorepoints.code.tex 2013/10/07  (rcs-revision 1.27)
\pgf@picminx=\dimen159
\pgf@picmaxx=\dimen160
\pgf@picminy=\dimen161
\pgf@picmaxy=\dimen162
\pgf@pathminx=\dimen163
\pgf@pathmaxx=\dimen164
\pgf@pathminy=\dimen165
\pgf@pathmaxy=\dimen166
\pgf@xx=\dimen167
\pgf@xy=\dimen168
\pgf@yx=\dimen169
\pgf@yy=\dimen170
\pgf@zx=\dimen171
\pgf@zy=\dimen172
)
(/opt/local/share/texmf/tex/generic/pgf/basiclayer/pgfcorepathconstruct.code.te
x
File: pgfcorepathconstruct.code.tex 2013/10/07  (rcs-revision 1.29)
\pgf@path@lastx=\dimen173
\pgf@path@lasty=\dimen174
) (/opt/local/share/texmf/tex/generic/pgf/basiclayer/pgfcorepathusage.code.tex
File: pgfcorepathusage.code.tex 2013/12/13  (rcs-revision 1.23)
\pgf@shorten@end@additional=\dimen175
\pgf@shorten@start@additional=\dimen176
) (/opt/local/share/texmf/tex/generic/pgf/basiclayer/pgfcorescopes.code.tex
File: pgfcorescopes.code.tex 2013/10/09  (rcs-revision 1.44)
\pgfpic=\box37
\pgf@hbox=\box38
\pgf@layerbox@main=\box39
\pgf@picture@serial@count=\count155
)
(/opt/local/share/texmf/tex/generic/pgf/basiclayer/pgfcoregraphicstate.code.tex
File: pgfcoregraphicstate.code.tex 2013/09/19  (rcs-revision 1.11)
\pgflinewidth=\dimen177
)
(/opt/local/share/texmf/tex/generic/pgf/basiclayer/pgfcoretransformations.code.
tex
File: pgfcoretransformations.code.tex 2013/10/10  (rcs-revision 1.17)
\pgf@pt@x=\dimen178
\pgf@pt@y=\dimen179
\pgf@pt@temp=\dimen180
) (/opt/local/share/texmf/tex/generic/pgf/basiclayer/pgfcorequick.code.tex
File: pgfcorequick.code.tex 2008/10/09  (rcs-revision 1.3)
)
(/opt/local/share/texmf/tex/generic/pgf/basiclayer/pgfcoreobjects.code.tex
File: pgfcoreobjects.code.tex 2006/10/11  (rcs-revision 1.2)
)
(/opt/local/share/texmf/tex/generic/pgf/basiclayer/pgfcorepathprocessing.code.t
ex
File: pgfcorepathprocessing.code.tex 2013/09/09  (rcs-revision 1.9)
) (/opt/local/share/texmf/tex/generic/pgf/basiclayer/pgfcorearrows.code.tex
File: pgfcorearrows.code.tex 2013/11/07  (rcs-revision 1.40)
\pgfarrowsep=\dimen181
)
(/opt/local/share/texmf/tex/generic/pgf/basiclayer/pgfcoreshade.code.tex
File: pgfcoreshade.code.tex 2013/07/15  (rcs-revision 1.15)
\pgf@max=\dimen182
\pgf@sys@shading@range@num=\count156
)
(/opt/local/share/texmf/tex/generic/pgf/basiclayer/pgfcoreimage.code.tex
File: pgfcoreimage.code.tex 2013/07/15  (rcs-revision 1.18)

(/opt/local/share/texmf/tex/generic/pgf/basiclayer/pgfcoreexternal.code.tex
File: pgfcoreexternal.code.tex 2013/07/15  (rcs-revision 1.20)
\pgfexternal@startupbox=\box40
))
(/opt/local/share/texmf/tex/generic/pgf/basiclayer/pgfcorelayers.code.tex
File: pgfcorelayers.code.tex 2013/07/18  (rcs-revision 1.7)
)
(/opt/local/share/texmf/tex/generic/pgf/basiclayer/pgfcoretransparency.code.tex
File: pgfcoretransparency.code.tex 2013/09/30  (rcs-revision 1.5)
) (/opt/local/share/texmf/tex/generic/pgf/basiclayer/pgfcorepatterns.code.tex
File: pgfcorepatterns.code.tex 2013/11/07  (rcs-revision 1.5)
))) (/opt/local/share/texmf/tex/generic/pgf/modules/pgfmoduleshapes.code.tex
File: pgfmoduleshapes.code.tex 2013/10/31  (rcs-revision 1.34)
\pgfnodeparttextbox=\box41
)
(/opt/local/share/texmf/tex/generic/pgf/modules/pgfmoduleplot.code.tex
File: pgfmoduleplot.code.tex 2013/07/31  (rcs-revision 1.12)
)
(/opt/local/share/texmf/tex/latex/pgf/compatibility/pgfcomp-version-0-65.sty
Package: pgfcomp-version-0-65 2007/07/03 v3.0.0 (rcs-revision 1.7)
\pgf@nodesepstart=\dimen183
\pgf@nodesepend=\dimen184
)
(/opt/local/share/texmf/tex/latex/pgf/compatibility/pgfcomp-version-1-18.sty
Package: pgfcomp-version-1-18 2007/07/23 v3.0.0 (rcs-revision 1.1)
))
(/opt/local/share/texmf/tex/latex/pgf/utilities/pgffor.sty
(/opt/local/share/texmf/tex/latex/pgf/utilities/pgfkeys.sty
(/opt/local/share/texmf/tex/generic/pgf/utilities/pgfkeys.code.tex))
(/opt/local/share/texmf/tex/latex/pgf/math/pgfmath.sty
(/opt/local/share/texmf/tex/generic/pgf/math/pgfmath.code.tex))
(/opt/local/share/texmf/tex/generic/pgf/utilities/pgffor.code.tex
Package: pgffor 2013/12/13 v3.0.0 (rcs-revision 1.25)

(/opt/local/share/texmf/tex/generic/pgf/math/pgfmath.code.tex)
\pgffor@iter=\dimen185
\pgffor@skip=\dimen186
\pgffor@stack=\toks38
\pgffor@toks=\toks39
))
(/opt/local/share/texmf/tex/generic/pgf/frontendlayer/tikz/tikz.code.tex
Package: tikz 2013/12/13 v3.0.0 (rcs-revision 1.142)

(/opt/local/share/texmf/tex/generic/pgf/libraries/pgflibraryplothandlers.code.t
ex
File: pgflibraryplothandlers.code.tex 2013/08/31 v3.0.0 (rcs-revision 1.20)
\pgf@plot@mark@count=\count157
\pgfplotmarksize=\dimen187
)
\tikz@lastx=\dimen188
\tikz@lasty=\dimen189
\tikz@lastxsaved=\dimen190
\tikz@lastysaved=\dimen191
\tikzleveldistance=\dimen192
\tikzsiblingdistance=\dimen193
\tikz@figbox=\box42
\tikz@figbox@bg=\box43
\tikz@tempbox=\box44
\tikz@tempbox@bg=\box45
\tikztreelevel=\count158
\tikznumberofchildren=\count159
\tikznumberofcurrentchild=\count160
\tikz@fig@count=\count161
 (/opt/local/share/texmf/tex/generic/pgf/modules/pgfmodulematrix.code.tex
File: pgfmodulematrix.code.tex 2013/09/17  (rcs-revision 1.8)
\pgfmatrixcurrentrow=\count162
\pgfmatrixcurrentcolumn=\count163
\pgf@matrix@numberofcolumns=\count164
)
\tikz@expandcount=\count165

(/opt/local/share/texmf/tex/generic/pgf/frontendlayer/tikz/libraries/tikzlibrar
ytopaths.code.tex
File: tikzlibrarytopaths.code.tex 2008/06/17 v3.0.0 (rcs-revision 1.2)
))) (./bussproofs.sty
Proof Tree (bussproofs) style macros. Version 1.0.
\theLevel=\count166
\myMaxLevel=\count167
\myBoxA=\box46
\myBoxB=\box47
\myBoxC=\box48
\myBoxD=\box49
\myBoxLL=\box50
\myBoxRL=\box51
\thisAboveSkip=\dimen194
\thisBelowSkip=\dimen195
\newScoreStart=\dimen196
\newScoreEnd=\dimen197
\newCenter=\dimen198
\displace=\dimen199
\leftLowerAmt=\dimen200
\rightLowerAmt=\dimen201
\scoreHeight=\dimen202
\scoreDepth=\dimen203
\htLbox=\dimen204
\htRbox=\dimen205
\htAbox=\dimen206
\htCbox=\dimen207
) (/opt/local/share/texmf-texlive/tex/latex/graphics/epsfig.sty
Package: epsfig 1999/02/16 v1.7a (e)psfig emulation (SPQR)
\epsfxsize=\dimen208
\epsfysize=\dimen209
)
(/opt/local/share/texmf-texlive/tex/latex/hyperref/hyperref.sty
Package: hyperref 2012/11/06 v6.83m Hypertext links for LaTeX

(/opt/local/share/texmf-texlive/tex/generic/oberdiek/hobsub-hyperref.sty
Package: hobsub-hyperref 2012/05/28 v1.13 Bundle oberdiek, subset hyperref (HO)


(/opt/local/share/texmf-texlive/tex/generic/oberdiek/hobsub-generic.sty
Package: hobsub-generic 2012/05/28 v1.13 Bundle oberdiek, subset generic (HO)
Package: hobsub 2012/05/28 v1.13 Construct package bundles (HO)
Package: infwarerr 2010/04/08 v1.3 Providing info/warning/error messages (HO)
Package: ltxcmds 2011/11/09 v1.22 LaTeX kernel commands for general use (HO)
Package: ifluatex 2010/03/01 v1.3 Provides the ifluatex switch (HO)
Package ifluatex Info: LuaTeX not detected.
Package: ifvtex 2010/03/01 v1.5 Detect VTeX and its facilities (HO)
Package ifvtex Info: VTeX not detected.
Package: intcalc 2007/09/27 v1.1 Expandable calculations with integers (HO)
Package hobsub Info: Skipping package `ifpdf' (already loaded).
Package: etexcmds 2011/02/16 v1.5 Avoid name clashes with e-TeX commands (HO)
Package etexcmds Info: Could not find \expanded.
(etexcmds)             That can mean that you are not using pdfTeX 1.50 or
(etexcmds)             that some package has redefined \expanded.
(etexcmds)             In the latter case, load this package earlier.
Package: kvsetkeys 2012/04/25 v1.16 Key value parser (HO)
Package: kvdefinekeys 2011/04/07 v1.3 Define keys (HO)
Package: pdftexcmds 2011/11/29 v0.20 Utility functions of pdfTeX for LuaTeX (HO
)
Package pdftexcmds Info: LuaTeX not detected.
Package pdftexcmds Info: \pdf@primitive is available.
Package pdftexcmds Info: \pdf@ifprimitive is available.
Package pdftexcmds Info: \pdfdraftmode is ignored in DVI mode.
Package: pdfescape 2011/11/25 v1.13 Implements pdfTeX's escape features (HO)
Package: bigintcalc 2012/04/08 v1.3 Expandable calculations on big integers (HO
)
Package: bitset 2011/01/30 v1.1 Handle bit-vector datatype (HO)
Package: uniquecounter 2011/01/30 v1.2 Provide unlimited unique counter (HO)
)
Package hobsub Info: Skipping package `hobsub' (already loaded).
Package: letltxmacro 2010/09/02 v1.4 Let assignment for LaTeX macros (HO)
Package: hopatch 2012/05/28 v1.2 Wrapper for package hooks (HO)
Package: xcolor-patch 2011/01/30 xcolor patch
Package: atveryend 2011/06/30 v1.8 Hooks at the very end of document (HO)
Package atveryend Info: \enddocument detected (standard20110627).
Package: atbegshi 2011/10/05 v1.16 At begin shipout hook (HO)
Package: refcount 2011/10/16 v3.4 Data extraction from label references (HO)
Package: hycolor 2011/01/30 v1.7 Color options for hyperref/bookmark (HO)
)
(/opt/local/share/texmf-texlive/tex/generic/ifxetex/ifxetex.sty
Package: ifxetex 2010/09/12 v0.6 Provides ifxetex conditional
)
(/opt/local/share/texmf-texlive/tex/latex/oberdiek/auxhook.sty
Package: auxhook 2011/03/04 v1.3 Hooks for auxiliary files (HO)
)
(/opt/local/share/texmf-texlive/tex/latex/oberdiek/kvoptions.sty
Package: kvoptions 2011/06/30 v3.11 Key value format for package options (HO)
)
\@linkdim=\dimen210
\Hy@linkcounter=\count168
\Hy@pagecounter=\count169

(/opt/local/share/texmf-texlive/tex/latex/hyperref/pd1enc.def
File: pd1enc.def 2012/11/06 v6.83m Hyperref: PDFDocEncoding definition (HO)
)
\Hy@SavedSpaceFactor=\count170

(/opt/local/share/texmf-texlive/tex/latex/latexconfig/hyperref.cfg
File: hyperref.cfg 2002/06/06 v1.2 hyperref configuration of TeXLive
)
Package hyperref Info: Hyper figures OFF on input line 4443.
Package hyperref Info: Link nesting OFF on input line 4448.
Package hyperref Info: Hyper index ON on input line 4451.
Package hyperref Info: Plain pages OFF on input line 4458.
Package hyperref Info: Backreferencing OFF on input line 4463.
Package hyperref Info: Implicit mode ON; LaTeX internals redefined.
Package hyperref Info: Bookmarks ON on input line 4688.
\c@Hy@tempcnt=\count171

(/opt/local/share/texmf-texlive/tex/latex/url/url.sty
\Urlmuskip=\muskip11
Package: url 2013/09/16  ver 3.4  Verb mode for urls, etc.
)
LaTeX Info: Redefining \url on input line 5041.
\XeTeXLinkMargin=\dimen211
\Fld@menulength=\count172
\Field@Width=\dimen212
\Fld@charsize=\dimen213
Package hyperref Info: Hyper figures OFF on input line 6295.
Package hyperref Info: Link nesting OFF on input line 6300.
Package hyperref Info: Hyper index ON on input line 6303.
Package hyperref Info: backreferencing OFF on input line 6310.
Package hyperref Info: Link coloring OFF on input line 6315.
Package hyperref Info: Link coloring with OCG OFF on input line 6320.
Package hyperref Info: PDF/A mode OFF on input line 6325.
LaTeX Info: Redefining \ref on input line 6365.
LaTeX Info: Redefining \pageref on input line 6369.
\Hy@abspage=\count173
\c@Item=\count174
\c@Hfootnote=\count175
)

Package hyperref Message: Driver (default): hdvips.

(/opt/local/share/texmf-texlive/tex/latex/hyperref/hdvips.def
File: hdvips.def 2012/11/06 v6.83m Hyperref driver for dvips

(/opt/local/share/texmf-texlive/tex/latex/hyperref/pdfmark.def
File: pdfmark.def 2012/11/06 v6.83m Hyperref definitions for pdfmark specials
\pdf@docset=\toks40
\pdf@box=\box52
\pdf@toks=\toks41
\pdf@defaulttoks=\toks42
\HyField@AnnotCount=\count176
\Fld@listcount=\count177
\c@bookmark@seq@number=\count178

(/opt/local/share/texmf-texlive/tex/latex/oberdiek/rerunfilecheck.sty
Package: rerunfilecheck 2011/04/15 v1.7 Rerun checks for auxiliary files (HO)
Package uniquecounter Info: New unique counter `rerunfilecheck' on input line 2
82.
)
\Hy@SectionHShift=\skip54
))
(/opt/local/share/texmf-texlive/tex/latex/base/latexsym.sty
Package: latexsym 1998/08/17 v2.2e Standard LaTeX package (lasy symbols)
\symlasy=\mathgroup6
LaTeX Font Info:    Overwriting symbol font `lasy' in version `bold'
(Font)                  U/lasy/m/n --> U/lasy/b/n on input line 47.
)
(/opt/local/share/texmf-texlive/tex/latex/txfonts/txfonts.sty
Package: txfonts 2008/01/22 v3.2.1
LaTeX Font Info:    Redeclaring symbol font `operators' on input line 21.
LaTeX Font Info:    Overwriting symbol font `operators' in version `normal'
(Font)                  OT1/cmr/m/n --> OT1/txr/m/n on input line 21.
LaTeX Font Info:    Overwriting symbol font `operators' in version `bold'
(Font)                  OT1/cmr/bx/n --> OT1/txr/m/n on input line 21.
LaTeX Font Info:    Overwriting symbol font `operators' in version `bold'
(Font)                  OT1/txr/m/n --> OT1/txr/bx/n on input line 22.
\symitalic=\mathgroup7
LaTeX Font Info:    Overwriting symbol font `italic' in version `bold'
(Font)                  OT1/txr/m/it --> OT1/txr/bx/it on input line 26.
LaTeX Font Info:    Redeclaring math alphabet \mathbf on input line 29.
LaTeX Font Info:    Overwriting math alphabet `\mathbf' in version `normal'
(Font)                  OT1/cmr/bx/n --> OT1/txr/bx/n on input line 29.
LaTeX Font Info:    Overwriting math alphabet `\mathbf' in version `bold'
(Font)                  OT1/cmr/bx/n --> OT1/txr/bx/n on input line 29.
LaTeX Font Info:    Redeclaring math alphabet \mathit on input line 30.
LaTeX Font Info:    Overwriting math alphabet `\mathit' in version `normal'
(Font)                  OT1/cmr/m/it --> OT1/txr/m/it on input line 30.
LaTeX Font Info:    Overwriting math alphabet `\mathit' in version `bold'
(Font)                  OT1/cmr/bx/it --> OT1/txr/m/it on input line 30.
LaTeX Font Info:    Overwriting math alphabet `\mathit' in version `bold'
(Font)                  OT1/txr/m/it --> OT1/txr/bx/it on input line 31.
LaTeX Font Info:    Redeclaring math alphabet \mathsf on input line 40.
LaTeX Font Info:    Overwriting math alphabet `\mathsf' in version `normal'
(Font)                  OT1/cmss/m/n --> OT1/txss/m/n on input line 40.
LaTeX Font Info:    Overwriting math alphabet `\mathsf' in version `bold'
(Font)                  OT1/cmss/bx/n --> OT1/txss/m/n on input line 40.
LaTeX Font Info:    Overwriting math alphabet `\mathsf' in version `bold'
(Font)                  OT1/txss/m/n --> OT1/txss/b/n on input line 41.
LaTeX Font Info:    Redeclaring math alphabet \mathtt on input line 50.
LaTeX Font Info:    Overwriting math alphabet `\mathtt' in version `normal'
(Font)                  OT1/cmtt/m/n --> OT1/txtt/m/n on input line 50.
LaTeX Font Info:    Overwriting math alphabet `\mathtt' in version `bold'
(Font)                  OT1/cmtt/m/n --> OT1/txtt/m/n on input line 50.
LaTeX Font Info:    Overwriting math alphabet `\mathtt' in version `bold'
(Font)                  OT1/txtt/m/n --> OT1/txtt/b/n on input line 51.
LaTeX Font Info:    Redeclaring symbol font `letters' on input line 58.
LaTeX Font Info:    Overwriting symbol font `letters' in version `normal'
(Font)                  OML/cmm/m/it --> OML/txmi/m/it on input line 58.
LaTeX Font Info:    Overwriting symbol font `letters' in version `bold'
(Font)                  OML/cmm/b/it --> OML/txmi/m/it on input line 58.
LaTeX Font Info:    Overwriting symbol font `letters' in version `bold'
(Font)                  OML/txmi/m/it --> OML/txmi/bx/it on input line 59.
\symlettersA=\mathgroup8
LaTeX Font Info:    Overwriting symbol font `lettersA' in version `bold'
(Font)                  U/txmia/m/it --> U/txmia/bx/it on input line 67.
LaTeX Font Info:    Redeclaring math alphabet \mathfrak on input line 70.
LaTeX Font Info:    Redeclaring symbol font `symbols' on input line 77.
LaTeX Font Info:    Overwriting symbol font `symbols' in version `normal'
(Font)                  OMS/cmsy/m/n --> OMS/txsy/m/n on input line 77.
LaTeX Font Info:    Overwriting symbol font `symbols' in version `bold'
(Font)                  OMS/cmsy/b/n --> OMS/txsy/m/n on input line 77.
LaTeX Font Info:    Overwriting symbol font `symbols' in version `bold'
(Font)                  OMS/txsy/m/n --> OMS/txsy/bx/n on input line 78.
LaTeX Font Info:    Redeclaring symbol font `AMSa' on input line 93.
LaTeX Font Info:    Overwriting symbol font `AMSa' in version `normal'
(Font)                  U/msa/m/n --> U/txsya/m/n on input line 93.
LaTeX Font Info:    Overwriting symbol font `AMSa' in version `bold'
(Font)                  U/msa/m/n --> U/txsya/m/n on input line 93.
LaTeX Font Info:    Overwriting symbol font `AMSa' in version `bold'
(Font)                  U/txsya/m/n --> U/txsya/bx/n on input line 94.
LaTeX Font Info:    Redeclaring symbol font `AMSb' on input line 102.
LaTeX Font Info:    Overwriting symbol font `AMSb' in version `normal'
(Font)                  U/msb/m/n --> U/txsyb/m/n on input line 102.
LaTeX Font Info:    Overwriting symbol font `AMSb' in version `bold'
(Font)                  U/msb/m/n --> U/txsyb/m/n on input line 102.
LaTeX Font Info:    Overwriting symbol font `AMSb' in version `bold'
(Font)                  U/txsyb/m/n --> U/txsyb/bx/n on input line 103.
\symsymbolsC=\mathgroup9
LaTeX Font Info:    Overwriting symbol font `symbolsC' in version `bold'
(Font)                  U/txsyc/m/n --> U/txsyc/bx/n on input line 113.
LaTeX Font Info:    Redeclaring symbol font `largesymbols' on input line 120.
LaTeX Font Info:    Overwriting symbol font `largesymbols' in version `normal'
(Font)                  OMX/cmex/m/n --> OMX/txex/m/n on input line 120.
LaTeX Font Info:    Overwriting symbol font `largesymbols' in version `bold'
(Font)                  OMX/cmex/m/n --> OMX/txex/m/n on input line 120.
LaTeX Font Info:    Overwriting symbol font `largesymbols' in version `bold'
(Font)                  OMX/txex/m/n --> OMX/txex/bx/n on input line 121.
\symlargesymbolsA=\mathgroup10
LaTeX Font Info:    Overwriting symbol font `largesymbolsA' in version `bold'
(Font)                  U/txexa/m/n --> U/txexa/bx/n on input line 129.
LaTeX Info: Redefining \not on input line 1043.
)
(./undertilde.sty
Package: undertilde 2000/08/08 v1.0 Tilde under a math object
\knuthian@fdfive=\skip55
)
(/opt/local/share/texmf-texlive/tex/latex/pstricks/pstricks.sty
Package: pstricks 2013/12/12 v0.60 LaTeX wrapper for `PSTricks' (RN,HV)


Package pstricks Warning: ************************************ 
(pstricks)                Option pdf needs a "pdflatex -shell-escape <file>" 
(pstricks)                or a "pdflatex -enable-write18 <file>" 
(pstricks)                (if you are using MikTeX) 
(pstricks)                ************************************.

(/opt/local/share/texmf-texlive/tex/generic/pstricks/pstricks.tex
(/opt/local/share/texmf-texlive/tex/generic/xkeyval/pst-xkey.tex
File: pst-xkey.tex 2005/11/25 v1.6 PSTricks specialization of xkeyval (HA)

(/opt/local/share/texmf-texlive/tex/latex/xkeyval/xkeyval.sty
Package: xkeyval 2014/05/09 v2.6d package option processing (HA)

(/opt/local/share/texmf-texlive/tex/generic/xkeyval/xkeyval.tex
\XKV@toks=\toks43
\XKV@tempa@toks=\toks44
\XKV@depth=\count179
File: xkeyval.tex 2014/05/09 v2.6d key=value parser (HA)
)))
(/opt/local/share/texmf-texlive/tex/generic/pstricks/pst-fp.tex
`pst-fp' v0.05, 2010/01/17 (hv)
\pstFP@xs=\count180
\pstFP@xia=\count181
\pstFP@xib=\count182
\pstFP@xfa=\count183
\pstFP@xfb=\count184
\pstFP@rega=\count185
\pstFP@regb=\count186
\pstFP@regs=\count187
\pstFP@times=\count188
)
(/opt/local/share/texmf/tex/generic/pgf/utilities/pgfutil-common.tex
\pgfutil@everybye=\toks45
\pgfutil@tempdima=\dimen214
\pgfutil@tempdimb=\dimen215

(/opt/local/share/texmf/tex/generic/pgf/utilities/pgfutil-common-lists.tex))
(/opt/local/share/texmf/tex/generic/pgf/utilities/pgfkeys.code.tex)
(/opt/local/share/texmf/tex/generic/pgf/utilities/pgffor.code.tex
(/opt/local/share/texmf/tex/generic/pgf/math/pgfmath.code.tex)
\pgffor@iter=\dimen216
\pgffor@skip=\dimen217
\pgffor@stack=\toks46
\pgffor@toks=\toks47
)
\psLoopIndex=\count189

`PSTricks' v2.54a  <2014/05/19> (tvz)
\pst@dima=\dimen218
\pst@dimb=\dimen219
\pst@dimc=\dimen220
\pst@dimd=\dimen221
\pst@dimg=\dimen222
\pst@dimh=\dimen223
\pst@dimm=\dimen224
\pst@dimn=\dimen225
\pst@dimo=\dimen226
\pst@dimp=\dimen227
\pst@hbox=\box53
\pst@ibox=\box54
\pst@boxg=\box55
\pst@cnta=\count190
\pst@cntb=\count191
\pst@cntc=\count192
\pst@cntd=\count193
\pst@cntg=\count194
\pst@cnth=\count195
\pst@cntm=\count196
\pst@cntn=\count197
\pst@cnto=\count198
\pst@cntp=\count199
\@zero=\count200
\pst@toks=\toks48
(/opt/local/share/texmf-texlive/tex/generic/pstricks/pstricks.con)
\psunit=\dimen228
\psxunit=\dimen229
\psyunit=\dimen230
\pst@C@@rType=\count201
\pslinewidth=\dimen231
\psk@startLW=\dimen232
\psk@endLW=\dimen233
\pst@customdefs=\toks49
Normal \dimen register pool exhausted, switching to extended pool.
\pslinearc=\dimen256
\pst@symbolStep=\dimen257
\pst@symbolWidth=\dimen258
\pst@symbolLinewidth=\dimen259
\everypsbox=\toks50
\psframesep=\dimen260
\pslabelsep=\dimen261
\sh@wgridXunit=\dimen262
\sh@wgridYunit=\dimen263
\pst@shift=\dimen264
)
File: pstricks.tex 2014/05/19 v2.54a `PSTricks' (tvz,hv)

(/opt/local/share/texmf-texlive/tex/generic/pstricks/pst-fp.tex)
File: pst-fp.tex 2014/05/19 v2.54a `PST-fp' (hv)
)
(/opt/local/share/texmf-texlive/tex/latex/pstricks-add/pstricks-add.sty
(/opt/local/share/texmf-texlive/tex/latex/pst-plot/pst-plot.sty
Package: pst-plot 2011/06/05 v1.00 LaTeX wrapper for `pst-plot' (HV)

(/opt/local/share/texmf-texlive/tex/latex/xkeyval/pst-xkey.sty
Package: pst-xkey 2005/11/25 v1.6 package wrapper for pst-xkey.tex (HA)
)
(/opt/local/share/texmf-texlive/tex/latex/multido/multido.sty
Package: multido 2004/05/17 package wrapper for PSTricks `multido.tex', (HV/RN)


(/opt/local/share/texmf-texlive/tex/generic/multido/multido.tex
 v1.42, 2010/05/14 <tvz>
\multido@count=\count202
\multidocount=\count203
\multido@stuff=\toks51
)
File: multido.tex 2010/05/14 v1.42 `multido' (tvz,hv)
)
Package: pst-plot 2011/04/13 package wrapper for pst-plot.tex (hv)

(/opt/local/share/texmf-texlive/tex/generic/pst-plot/pst-plot.tex
(/opt/local/share/texmf-texlive/tex/generic/pst-tools/pst-tools.tex
`PST-tools' v0.05, 2014/05/12 (hv))  v1.62, 2014/05/12 (tvz,hv)
\pstRadUnit=\dimen265
\pstRadUnitInv=\dimen266
\pst@linecnt=\count204
\RCD@file=\read3
\psxlabelsep=\dimen267
\psylabelsep=\dimen268
\psk@subticksize=\dimen269
\pst@xticksizeA=\dimen270
\pst@xticksizeB=\dimen271
\pst@xticksizeC=\dimen272
\pst@yticksizeA=\dimen273
\pst@yticksizeB=\dimen274
\pst@yticksizeC=\dimen275
\@digitcounter=\count205
\psk@llx=\dimen276
\psk@lly=\dimen277
\psk@urx=\dimen278
\psk@ury=\dimen279
\pst@xunit=\dimen280
\pst@yunit=\dimen281
)
File: pst-plot.tex 2014/05/12 1.62 `pst-plot' (tvz,hv)
)
(/opt/local/share/texmf-texlive/tex/latex/pst-node/pst-node.sty
Package: pst-node 2012/09/18 v1.01 LaTeX wrapper for `pst-node' (HV)
Package: pst-node 2010/04/22 package wrapper for pst-node.tex

(/opt/local/share/texmf-texlive/tex/generic/pst-node/pst-node.tex
 v1.33, 2014/03/25
\psrow=\count206
\pscol=\count207
\psmatrixcnt=\count208
\psrowsep=\skip56
\pscolsep=\skip57
\pst@args=\count209
\num@pts=\count210
\pst@argcnt=\count211
)
File: pst-node.tex 2014/03/25 1.33 `pst-node' (tvz,hv)
)
(/opt/local/share/texmf-texlive/tex/latex/pst-3d/pst-3d.sty
Package: pst-3d 2009/07/28 package wrapper for pst-3d.tex (hv)

(/opt/local/share/texmf-texlive/tex/generic/pst-3d/pst-3d.tex
`PST-3d' v1.11, 2010/02/14 (tvz))
File: pst-3d.tex 2010/02/14 v1.11 `PST-3d' (hv)
)
(/opt/local/share/texmf-texlive/tex/latex/pst-math/pst-math.sty
Package: pst-math 2009/01/20 package wrapper for PSTricks pst-math.tex

(/opt/local/share/texmf-texlive/tex/generic/pst-math/pst-math.tex
`pst-math' v0.62 , (CJ,hv))
File: pst-math.tex 2010/10/20 v0.62 `PST-math' (hv)
)
Package: pstricks-add 2010/02/11 v. 0.14 package wrapper for pstricks-add.tex (
hv)

(/opt/local/share/texmf-texlive/tex/generic/pstricks-add/pstricks-add.tex
`pstricks-add' v3.68, 2014/05/17 (dr,hv)
\psparallelogramsep=\dimen282
\pshooklength=\dimen283
\pshookwidth=\dimen284
\pst@cntC=\count212
\chart@ColorIndex=\dimen285
\chart@ColorStep=\dimen286
\pst@chartHeight=\dimen287
\pst@chartStackDepth=\dimen288
\pst@chartStackWidth=\dimen289
\chart@Toggle=\count213
\psVectorCtr=\count214
)
File: pstricks-add.tex 2014/05/17 v3.68 `PSTricks-add' (hv)
Package pstricks-add Info: Local config file pstricks-add.cfg used on input lin
e 20.

(/opt/local/share/texmf-texlive/tex/latex/pstricks-add/pstricks-add.cfg
File: pstricks-add.cfg 2005/01/10 v0.1 addtional user stuff (hv)
))
(/opt/local/share/texmf-texlive/tex/latex/pst-grad/pst-grad.sty
Package: pst-grad 2004/07/15 package wrapper for pst-grad.tex (hv)

(/opt/local/share/texmf-texlive/tex/generic/pst-grad/pst-grad.tex
`pst-grad' v1.06, 2006/11/27 (tvz,dg,hv))
File: pst-grad.tex 2006/11/27 1.06 `pst-grad' (tvz)
)
(/opt/local/share/texmf-texlive/tex/latex/pst-fill/pst-fill.sty
Package: pst-fill 2005/09/13 package wrapper for pst-fill.tex (hv)

(/opt/local/share/texmf-texlive/tex/generic/pst-fill/pst-fill.tex
`PST-Fill' v1.01, 2007/03/10 (tvz,dg,hv)
\pst@fillbox=\box56
)
File: pst-fill.tex 2007/03/10 v1.01 `PST-fill' (tvz,dg)
)
(/opt/local/share/texmf-texlive/tex/latex/pstricks/pstcol.sty
Package: pstcol 2007/04/11 v1.3 LaTeX wrapper for `PSTricks' (RN,HV)


Package pstcol Warning: ************************************ 
(pstcol)                The package `pstcol' is obsolet! 
(pstcol)                You should use `pstricks' directly: 
(pstcol)                    \usepackage{pstricks}
(pstcol)                ************************************.

)
(/opt/local/share/texmf/tex/generic/pgf/frontendlayer/tikz/libraries/tikzlibrar
ymatrix.code.tex
File: tikzlibrarymatrix.code.tex 2013/07/12 v3.0.0 (rcs-revision 1.4)
)
(/opt/local/share/texmf/tex/generic/pgf/frontendlayer/tikz/libraries/tikzlibrar
yarrows.code.tex
File: tikzlibraryarrows.code.tex 2008/01/09 v3.0.0 (rcs-revision 1.1)

(/opt/local/share/texmf/tex/generic/pgf/libraries/pgflibraryarrows.code.tex
File: pgflibraryarrows.code.tex 2013/09/23 v3.0.0 (rcs-revision 1.16)
\arrowsize=\dimen290
))
(/opt/local/share/texmf/tex/generic/pgf/frontendlayer/tikz/libraries/tikzlibrar
ybackgrounds.code.tex
File: tikzlibrarybackgrounds.code.tex 2013/07/18 v3.0.0 (rcs-revision 1.3)
\pgf@layerbox@background=\box57
\pgf@layerboxsaved@background=\box58
)
(/opt/local/share/texmf/tex/generic/pgf/frontendlayer/tikz/libraries/tikzlibrar
ydecorations.pathmorphing.code.tex
(/opt/local/share/texmf/tex/generic/pgf/frontendlayer/tikz/libraries/tikzlibrar
ydecorations.code.tex
(/opt/local/share/texmf/tex/generic/pgf/modules/pgfmoduledecorations.code.tex
\pgfdecoratedcompleteddistance=\dimen291
\pgfdecoratedremainingdistance=\dimen292
\pgfdecoratedinputsegmentcompleteddistance=\dimen293
\pgfdecoratedinputsegmentremainingdistance=\dimen294
\pgf@decorate@distancetomove=\dimen295
\pgf@decorate@repeatstate=\count215
\pgfdecorationsegmentamplitude=\dimen296
\pgfdecorationsegmentlength=\dimen297
)
\tikz@lib@dec@box=\box59
)
(/opt/local/share/texmf/tex/generic/pgf/libraries/decorations/pgflibrarydecorat
ions.pathmorphing.code.tex))
(/opt/local/share/texmf/tex/generic/pgf/frontendlayer/tikz/libraries/tikzlibrar
ydecorations.pathreplacing.code.tex
(/opt/local/share/texmf/tex/generic/pgf/libraries/decorations/pgflibrarydecorat
ions.pathreplacing.code.tex))
(/opt/local/share/texmf/tex/generic/pgf/frontendlayer/tikz/libraries/tikzlibrar
ydecorations.shapes.code.tex
(/opt/local/share/texmf/tex/generic/pgf/libraries/decorations/pgflibrarydecorat
ions.shapes.code.tex))
(/opt/local/share/texmf/tex/generic/pgf/frontendlayer/tikz/libraries/tikzlibrar
ydecorations.markings.code.tex
(/opt/local/share/texmf/tex/generic/pgf/libraries/decorations/pgflibrarydecorat
ions.markings.code.tex))
(/opt/local/share/texmf/tex/generic/pgf/frontendlayer/tikz/libraries/tikzlibrar
ycalc.code.tex
File: tikzlibrarycalc.code.tex 2013/07/15 v3.0.0 (rcs-revision 1.9)
)
\c@thm=\count216
\c@defn=\count217
\c@lemma=\count218
 (./phdthesis.aux)
\openout1 = `phdthesis.aux'.

LaTeX Font Info:    Checking defaults for OML/txmi/m/it on input line 390.
LaTeX Font Info:    Try loading font information for OML+txmi on input line 390
.

(/opt/local/share/texmf-texlive/tex/latex/txfonts/omltxmi.fd
File: omltxmi.fd 2000/12/15 v3.1
)
LaTeX Font Info:    ... okay on input line 390.
LaTeX Font Info:    Checking defaults for T1/cmr/m/n on input line 390.
LaTeX Font Info:    ... okay on input line 390.
LaTeX Font Info:    Checking defaults for OT1/cmr/m/n on input line 390.
LaTeX Font Info:    ... okay on input line 390.
LaTeX Font Info:    Checking defaults for OMS/txsy/m/n on input line 390.
LaTeX Font Info:    Try loading font information for OMS+txsy on input line 390
.

(/opt/local/share/texmf-texlive/tex/latex/txfonts/omstxsy.fd
File: omstxsy.fd 2000/12/15 v3.1
)
LaTeX Font Info:    ... okay on input line 390.
LaTeX Font Info:    Checking defaults for OMX/txex/m/n on input line 390.
LaTeX Font Info:    Try loading font information for OMX+txex on input line 390
.

(/opt/local/share/texmf-texlive/tex/latex/txfonts/omxtxex.fd
File: omxtxex.fd 2000/12/15 v3.1
)
LaTeX Font Info:    ... okay on input line 390.
LaTeX Font Info:    Checking defaults for U/txexa/m/n on input line 390.
LaTeX Font Info:    Try loading font information for U+txexa on input line 390.


(/opt/local/share/texmf-texlive/tex/latex/txfonts/utxexa.fd
File: utxexa.fd 2000/12/15 v3.1
)
LaTeX Font Info:    ... okay on input line 390.
LaTeX Font Info:    Checking defaults for PD1/pdf/m/n on input line 390.
LaTeX Font Info:    ... okay on input line 390.
LaTeX Font Info:    Try loading font information for OT1+txr on input line 390.


(/opt/local/share/texmf-texlive/tex/latex/txfonts/ot1txr.fd
File: ot1txr.fd 2000/12/15 v3.1
)
ABD: EveryShipout initializing macros
\AtBeginShipoutBox=\box60
Package hyperref Info: Link coloring OFF on input line 390.

(/opt/local/share/texmf-texlive/tex/latex/hyperref/nameref.sty
Package: nameref 2012/10/27 v2.43 Cross-referencing by name of section

(/opt/local/share/texmf-texlive/tex/generic/oberdiek/gettitlestring.sty
Package: gettitlestring 2010/12/03 v1.4 Cleanup title references (HO)
)
\c@section@level=\count219
)
LaTeX Info: Redefining \ref on input line 390.
LaTeX Info: Redefining \pageref on input line 390.
LaTeX Info: Redefining \nameref on input line 390.

(./phdthesis.out) (./phdthesis.out)
\@outlinefile=\write5
\openout5 = `phdthesis.out'.


(/opt/local/share/texmf-texlive/tex/latex/auto-pst-pdf/auto-pst-pdf.sty
Package: auto-pst-pdf 2009/04/26 v0.6 Wrapper for pst-pdf

(/opt/local/share/texmf-texlive/tex/latex/ifplatform/ifplatform.sty
Package: ifplatform 2010/10/22 v0.4 Testing for the operating system

(/opt/local/share/texmf-texlive/tex/generic/oberdiek/catchfile.sty
Package: catchfile 2011/03/01 v1.6 Catch the contents of a file (HO)
)

Package ifplatform Warning: 
    shell escape is disabled, so I can only detect \ifwindows.

)
\c@app@runs=\count220
 (/opt/local/share/texmf-texlive/tex/latex/pst-pdf/pst-pdf.sty
Package: pst-pdf 2008/10/09 v1.1v PS graphics for pdfLaTeX (RN,HjG)
\c@pspicture=\count221
Package pst-pdf Info: MODE: 9 (inactive mode) on input line 458.
))
LaTeX Font Info:    Calculating math sizes for size <16> on input line 406.
LaTeX Font Info:    Try loading font information for U+txsya on input line 406.


(/opt/local/share/texmf-texlive/tex/latex/txfonts/utxsya.fd
File: utxsya.fd 2000/12/15 v3.1
)
LaTeX Font Info:    Try loading font information for U+txsyb on input line 406.


(/opt/local/share/texmf-texlive/tex/latex/txfonts/utxsyb.fd
File: utxsyb.fd 2000/12/15 v3.1
)
LaTeX Font Info:    Try loading font information for U+lasy on input line 406.

(/opt/local/share/texmf-texlive/tex/latex/base/ulasy.fd
File: ulasy.fd 1998/08/17 v2.2e LaTeX symbol font definitions
)

LaTeX Font Warning: Font shape `U/lasy/m/n' in size <16> not available
(Font)              size <17.28> substituted on input line 406.

LaTeX Font Info:    Try loading font information for U+txmia on input line 406.

(/opt/local/share/texmf-texlive/tex/latex/txfonts/utxmia.fd
File: utxmia.fd 2000/12/15 v3.1
)
LaTeX Font Info:    Try loading font information for U+txsyc on input line 406.


(/opt/local/share/texmf-texlive/tex/latex/txfonts/utxsyc.fd
File: utxsyc.fd 2000/12/15 v3.1
)
File: shield.eps Graphic file (type eps)
 <shield.eps>
Underfull \vbox (badness 10000) has occurred while \output is active []

 [1

]
[2

] [3] [4

] [5] [6

] (./phdthesis.toc [7])
\tf@toc=\write6
\openout6 = `phdthesis.toc'.

 [8]
Chapter 1.
Missing character: There is no Î in font txr!
Missing character: There is no ¼ in font txr!
[1

] [2]
LaTeX Font Info:    Try loading font information for OT1+txtt on input line 472
.
 (/opt/local/share/texmf-texlive/tex/latex/txfonts/ot1txtt.fd
File: ot1txtt.fd 2000/12/15 v3.1
)
LaTeX Font Info:    Calculating math sizes for size <18> on input line 476.


LaTeX Font Warning: Font shape `U/lasy/m/n' in size <18> not available
(Font)              size <17.28> substituted on input line 476.


LaTeX Font Warning: Font shape `U/lasy/m/n' in size <12.59995> not available
(Font)              size <12> substituted on input line 476.

[3]
LaTeX Font Info:    Try loading font information for OMS+txr on input line 508.

 (/opt/local/share/texmf-texlive/tex/latex/txfonts/omstxr.fd
File: omstxr.fd 2000/12/15 v3.1
)
LaTeX Font Info:    Font shape `OMS/txr/m/n' in size <12> not available
(Font)              Font shape `OMS/txsy/m/n' tried instead on input line 508.
 [4] [5]
[6

] [7] [8]
Chapter 2.
[9

] [10]
File: piston.eps Graphic file (type eps)
 <piston.eps> [11] [12] [13] [14] [15] [16] [17] [18] [19] [20]
[21] [22] [23] [24] [25] [26

]
Chapter 3.

LaTeX Font Warning: Command \footnotesize invalid in math mode on input line 14
59.


LaTeX Font Warning: Command \footnotesize invalid in math mode on input line 14
59.

[27] [28] [29] [30] [31] [32] [33]

LaTeX Font Warning: Command \footnotesize invalid in math mode on input line 17
23.


LaTeX Font Warning: Command \footnotesize invalid in math mode on input line 17
23.


LaTeX Font Warning: Command \footnotesize invalid in math mode on input line 17
25.


LaTeX Font Warning: Command \footnotesize invalid in math mode on input line 17
29.


LaTeX Font Warning: Command \footnotesize invalid in math mode on input line 17
29.

[34] [35] [36]
Underfull \hbox (badness 10000) in paragraph at lines 1848--1849

 []


Overfull \hbox (55.85701pt too wide) detected at line 1862
[] [][]
 []


Underfull \hbox (badness 10000) in paragraph at lines 1862--1863

 []

[37]
Underfull \hbox (badness 10000) in paragraph at lines 1882--1883

 []

[38]
Overfull \hbox (1.51312pt too wide) in paragraph at lines 1932--1933
[]\OT1/txr/m/it/12 Let $\OML/txmi/m/it/12 V$ \OT1/txr/m/it/12 be a uni-ver-sal 
self-delimiting Tur-ing ma-chine. Then $[][] [][]\OT1/txr/m/n/12 ([](\OML/txmi/
m/it/12 V\OT1/txr/m/n/12 )) =
 []

[39] [40] [41

] [42]
Chapter 1.
[43

] [44]

LaTeX Warning: `h' float specifier changed to `ht'.

[45] <xymatrix 3x6 598>
Underfull \vbox (badness 10000) has occurred while \output is active []

 [46]
LaTeX Font Info:    Font shape `OMS/txr/m/it' in size <12> not available
(Font)              Font shape `OMS/txsy/m/n' tried instead on input line 2238.


[47] [48] [49] [50]
File: 3dtangle.eps Graphic file (type eps)
 <3dtangle.eps>
File: 2dtangle.eps Graphic file (type eps)
 <2dtangle.eps>
File: another2dtangle.eps Graphic file (type eps)
 <another2dtangle.eps>
File: compositetangle.eps Graphic file (type eps)

<compositetangle.eps> [51] [52] [diagram 1 . . . ] [53] [diagram 2 . . . ]
[diagram 3 . . . ] [54] [55] [56] [57]
File: 2dtangle.eps Graphic file (type eps)
 <2dtangle.eps>
File: another2dtangle.eps Graphic file (type eps)
 <another2dtangle.eps>
File: tensortangle.eps Graphic file (type eps)

<tensortangle.eps> [diagram 4 . . . ] [58] [diagram 5 . . . ] [diagram 6 . . .
] [diagram 7 . . . ] [diagram 8 . . . ] [59] [60]
File: braid.eps Graphic file (type eps)
 <braid.eps> [61] [diagram 9
. . . ] [62] [63]
File: braid.eps Graphic file (type eps)
 <braid.eps> [64] [65] [66] [67] [68] [69] [diagram 10 . . .
] [70] [71] [72] [73] [diagram 11 . . . ] [74]
Overfull \hbox (11.31172pt too wide) in paragraph at lines 4246--4258
\OT1/txr/m/n/12 field the-ory. Ev-ery Lie group has a com-pact sym-met-ric mono
idal cat-e-gory of finite-dimensional
 []

[75] [76] [77]
Underfull \vbox (badness 10000) has occurred while \output is active []

 [78]
[79]
\myBox1=\box61
\myScoreStart1=\dimen298
\myCenter1=\dimen299
\myScoreEnd1=\dimen300
 [80]
\myBox2=\box62
\myScoreStart2=\dimen301
\myCenter2=\dimen302
\myScoreEnd2=\dimen303
 [81] [82] [83] [84] [85] [86]
\myBox3=\box63
\myScoreStart3=\dimen304
\myCenter3=\dimen305
\myScoreEnd3=\dimen306
 [diagram 12 . . . ] [87] [88] [89]
[90] [diagram 13 . . . ] [diagram 14 . . . ] [91] [diagram 15 . . . ]
[diagram 16 . . . ]
Overfull \hbox (10.01172pt too wide) detected at line 5380
[][][][][][][][]| []| | 
 []


Underfull \vbox (badness 2181) has occurred while \output is active []

 [92]
[93] [94] [95] [96]
Underfull \vbox (badness 3148) has occurred while \output is active []

 [97]
[98] [99] [100] [101] [102] [103]
Overfull \hbox (9.17677pt too wide) in paragraph at lines 6023--6027
[]$\OML/txmi/m/it/12 t \OT1/txr/m/n/12 = (\OML/txmi/m/it/12 ^^Ux:u\OT1/txr/m/n/
12 (\OML/txmi/m/it/12 v\OT1/txr/m/n/12 ))\OML/txmi/m/it/12 ;$ \OT1/txr/m/n/12 w
here $\OML/txmi/m/it/12 u$ \OT1/txr/m/n/12 and $\OML/txmi/m/it/12 v$ \OT1/txr/m
/n/12 may de-pend on $\OML/txmi/m/it/12 x$\OT1/txr/m/n/12 . We can rewrite this
 as $\OML/txmi/m/it/12 t \OT1/txr/m/n/12 = (\OML/txmi/m/it/12 ^^Ux:\OT1/txr/m/n
/12 (([[\OML/txmi/m/it/12 u\OT1/txr/m/n/12 ]][]\OML/txmi/m/it/12 x\OT1/txr/m/n/
12 )([[\OML/txmi/m/it/12 v\OT1/txr/m/n/12 ]][]\OML/txmi/m/it/12 x\OT1/txr/m/n/1
2 ))$
 []

[104] [105] [106] [107]
Underfull \hbox (badness 10000) in paragraph at lines 6251--6253

 []

[108] [109]
Overfull \hbox (31.47151pt too wide) in paragraph at lines 6347--6422
 [] 
 []


LaTeX Warning: `h' float specifier changed to `ht'.

[110]
Underfull \vbox (badness 10000) has occurred while \output is active []

 [111]
[112]
Chapter 2.

Underfull \vbox (badness 1655) has occurred while \output is active []

 [113

]
[114] [115]
Overfull \hbox (1.0397pt too wide) in paragraph at lines 6667--6672
[]\OT1/txr/m/n/12 Cattani and Winskel [[]] showed that Co-cont and Prof are equ
iv-a-lent as bi-cat-e-gories. Though
 []

[116] [117] [118] [diagram 17 . . . ] [diagram 18 . . . ] [119]
Underfull \hbox (badness 10000) in paragraph at lines 6973--6975

 []

[120] [121]
Underfull \vbox (badness 10000) has occurred while \output is active []

 [122]
Underfull \vbox (badness 1484) has occurred while \output is active []

 [123]
Underfull \vbox (badness 4036) has occurred while \output is active []

 [124]

Package amsmath Warning: Foreign command \atopwithdelims;
(amsmath)                \frac or \genfrac should be used instead
(amsmath)                 on input line 7495.

[125]
Underfull \hbox (badness 10000) in paragraph at lines 7629--7630

 []


Underfull \vbox (badness 10000) has occurred while \output is active []

 [126]
Underfull \hbox (badness 10000) in paragraph at lines 7800--7801

 []


Underfull \vbox (badness 10000) has occurred while \output is active []

 [127]
Underfull \vbox (badness 10000) has occurred while \output is active []

 [128]
Underfull \hbox (badness 10000) in paragraph at lines 8041--8042

 []


Overfull \hbox (15.78946pt too wide) in paragraph at lines 8118--8119
 [] 
 []


Overfull \hbox (15.78946pt too wide) in paragraph at lines 8313--8314
 [][] 
 []


Underfull \vbox (badness 10000) has occurred while \output is active []

 [129]
[130]
Underfull \hbox (badness 10000) in paragraph at lines 8478--8484

 []

[131]
Underfull \hbox (badness 10000) in paragraph at lines 8646--8649

 []


Underfull \hbox (badness 10000) in paragraph at lines 8650--8652

 []

[132]
Missing character: There is no ; in font nullfont!
Missing character: There is no ; in font nullfont!
Missing character: There is no ; in font nullfont!
Missing character: There is no ; in font nullfont!
Missing character: There is no ; in font nullfont!
Missing character: There is no ; in font nullfont!
Missing character: There is no ; in font nullfont!
Missing character: There is no ; in font nullfont!
Missing character: There is no ; in font nullfont!
Missing character: There is no ; in font nullfont!
Missing character: There is no ; in font nullfont!
Missing character: There is no ; in font nullfont!
Missing character: There is no ; in font nullfont!
Missing character: There is no ; in font nullfont!
Missing character: There is no ; in font nullfont!
Missing character: There is no ; in font nullfont!
Missing character: There is no ; in font nullfont!
Missing character: There is no ; in font nullfont!
Missing character: There is no ; in font nullfont!
Missing character: There is no ; in font nullfont!
Missing character: There is no ; in font nullfont!
Missing character: There is no ; in font nullfont!
Missing character: There is no ; in font nullfont!
Missing character: There is no ; in font nullfont!
 [133]
Missing character: There is no ; in font nullfont!
Missing character: There is no ; in font nullfont!
Missing character: There is no ; in font nullfont!
Missing character: There is no ; in font nullfont!
Missing character: There is no ; in font nullfont!
Missing character: There is no ; in font nullfont!
Missing character: There is no ; in font nullfont!
Missing character: There is no ; in font nullfont!
Missing character: There is no ; in font nullfont!
Missing character: There is no ; in font nullfont!
Missing character: There is no ; in font nullfont!
Missing character: There is no ; in font nullfont!
Missing character: There is no ; in font nullfont!
Missing character: There is no ; in font nullfont!
Missing character: There is no ; in font nullfont!
Missing character: There is no ; in font nullfont!
Missing character: There is no ; in font nullfont!
Missing character: There is no ; in font nullfont!
Missing character: There is no ; in font nullfont!
Missing character: There is no ; in font nullfont!
Missing character: There is no ; in font nullfont!
Missing character: There is no ; in font nullfont!
Missing character: There is no ; in font nullfont!
Missing character: There is no ; in font nullfont!
Missing character: There is no ; in font nullfont!
Missing character: There is no ; in font nullfont!
Missing character: There is no ; in font nullfont!
Missing character: There is no ; in font nullfont!
Missing character: There is no ; in font nullfont!
Missing character: There is no ; in font nullfont!
Missing character: There is no ; in font nullfont!
Missing character: There is no ; in font nullfont!
Missing character: There is no ; in font nullfont!
Missing character: There is no ; in font nullfont!
Missing character: There is no ; in font nullfont!
Missing character: There is no ; in font nullfont!
 [134] [135] [136]
Underfull \vbox (badness 10000) has occurred while \output is active []

 [137]
Overfull \hbox (11.55304pt too wide) in paragraph at lines 9230--9231
[]\OT1/txr/m/n/12 The as-so-ci-a-tor, un-i-tors, and braid-ing in $[][](\OML/tx
mi/m/it/12 T\OT1/txr/m/n/12 )$ are the in-clu-sions of the cor-re-spond-ing 1-m
orphisms
 []

[138] [139] [140] [141] [142] [143] [144] [145

]
Underfull \hbox (badness 5008) in paragraph at lines 9648--9650
[]\OT1/txr/m/n/12 M. A. Batanin, \OT1/txr/m/sl/12 The Eckman-Hilton ar-gu-ment 
and higher op-er-ads. \OT1/txr/m/n/12 Avail-able at
 []

[146] [147]
Underfull \hbox (badness 10000) in paragraph at lines 9720--9725
[]\OT1/txr/m/n/12 C. S. Calude, L. Staiger, S. A. Ter-wijn, On par-tial ran-dom
-
 []


Underfull \hbox (badness 10000) in paragraph at lines 9720--9725
\OT1/txr/m/n/12 ness, \OT1/txr/m/sl/12 Ann. Appl. Pure Logic\OT1/txr/bx/n/12 13
8 \OT1/txr/m/n/12 (2006) 20--30. Also avail-able at
 []


Underfull \hbox (badness 2521) in paragraph at lines 9740--9741
[]\OT1/txr/m/n/12 A. Car-boni, G. M. Kelly, R. F. C. Wal-ters, and R. J. Wood, 
Carte-sian bi-cat-e-
 []


Underfull \hbox (badness 1168) in paragraph at lines 9740--9741
\OT1/txr/m/n/12 gories II, \OT1/txr/m/sl/12 The-ory and Ap-pli-ca-tions of Cat-
e-gories\OT1/txr/m/n/12 , \OT1/txr/bx/n/12 19:6 \OT1/txr/m/n/12 (2008) 93--124.
 Avail-able at
 []


Underfull \hbox (badness 10000) in paragraph at lines 9746--9751
[]\OT1/txr/m/n/12 G. Chaitin, A the-ory of pro-gram size for-mally iden-ti-cal 
to in-for-ma-
 []


Underfull \hbox (badness 10000) in paragraph at lines 9746--9751
\OT1/txr/m/n/12 tion the-ory, \OT1/txr/m/sl/12 Jour-nal of the ACM \OT1/txr/bx/
n/12 22 \OT1/txr/m/n/12 (1975), 329--340. Also avail-able at
 []

[148] [149]
Underfull \hbox (badness 1342) in paragraph at lines 9846--9849
[]\OT1/txr/m/n/12 M. Freed-man, A. Ki-taev and Z. Wang, Sim-u-la-tion of topo-l
og-i-cal field the-o-ries by
 []


Underfull \hbox (badness 2662) in paragraph at lines 9846--9849
\OT1/txr/m/n/12 quan-tum com-put-ers, \OT1/txr/m/sl/12 Comm. Math. Phys. \OT1/t
xr/bx/n/12 227 \OT1/txr/m/n/12 (2002), 587--603. Also avail-able at
 []


Underfull \hbox (badness 1527) in paragraph at lines 9850--9853
[]\OT1/txr/m/n/12 M. Freed-man, A. Ki-taev and Z. Wang, A mod-u-lar func-tor wh
ich is uni-ver-sal for
 []


Underfull \hbox (badness 1484) in paragraph at lines 9850--9853
\OT1/txr/m/n/12 quan-tum com-pu-ta-tion, \OT1/txr/m/sl/12 Comm. Math. Phys. \OT
1/txr/bx/n/12 227 \OT1/txr/m/n/12 (2002), 605--622. Also avail-able at
 []


Underfull \hbox (badness 10000) in paragraph at lines 9859--9863
[]\OT1/txr/m/n/12 N. Gam-bino and J. Kock, Poly-no-mial func-tors and poly-no-m
ial mon-ads,
 []


Underfull \hbox (badness 10000) in paragraph at lines 9859--9863
\OT1/txr/m/sl/12 Math. Proc. Cam-bridge Phil. Soc. \OT1/txr/bx/n/12 154 \OT1/tx
r/m/n/12 (2013), 153--192. Also avail-able at
 []

[150]
Underfull \hbox (badness 1067) in paragraph at lines 9901--9907
\OT1/txr/m/n/12 Lec-ture Notes in Com-puter Sci-ence \OT1/txr/bx/n/12 1581\OT1/
txr/m/n/12 , Springer, Berlin, 1999. Also avail-able at
 []

[151]
Underfull \hbox (badness 2556) in paragraph at lines 9994--9995
[]\OT1/txr/m/n/12 P. Katis, R.F.C. Wal-ters, The com-pact closed bi-cat-e-gory 
of left ad-joints, \OT1/txr/m/sl/12 Math.
 []

[152]
Underfull \hbox (badness 2359) in paragraph at lines 10079--10085
[]\OT1/txr/m/n/12 L. A. Levin and A. K. Zvonkin, The com-plex-ity of fi-nite ob
-jects and the de-
 []


Underfull \hbox (badness 1348) in paragraph at lines 10079--10085
\OT1/txr/m/n/12 vel-op-ment of the con-cepts of in-for-ma-tion and ran-dom-ness
 by means of the the-ory
 []


Underfull \hbox (badness 1603) in paragraph at lines 10079--10085
\OT1/txr/m/n/12 of al-go-rithms, \OT1/txr/m/sl/12 Rus-sian Math-e-mat-ics Sur-v
eys \OT1/txr/bx/n/12 256 \OT1/txr/m/n/12 (1970), 83--124 Also avail-able at
 []

[153]
Underfull \hbox (badness 1558) in paragraph at lines 10104--10107
[]\OT1/txr/m/n/12 Y. Manin, M. Mar-colli, \OT1/txr/m/sl/12 Error-correcting cod
es and phase tran-si-tions\OT1/txr/m/n/12 . Avail-able as
 []


Underfull \hbox (badness 6157) in paragraph at lines 10110--10115
[]\OT1/txr/m/n/12 J. Mc-Carthy, Re-cur-sive func-tions of sym-bolic ex-pres-sio
ns and their com-pu-ta-
 []


Underfull \hbox (badness 5345) in paragraph at lines 10110--10115
\OT1/txr/m/n/12 tion by ma-chine, Part I, \OT1/txr/m/sl/12 Comm. ACM \OT1/txr/b
x/n/12 4 \OT1/txr/m/n/12 (1960), 184--195. Also avail-able at
 []


Underfull \hbox (badness 5302) in paragraph at lines 10121--10128
[]\OT1/txr/m/n/12 P. Melli[]es, Ax-iomatic rewrit-ing the-ory I: a di-a-gram-ma
tic stan-dard-i-s-a-tion the-o-
 []


Underfull \hbox (badness 3503) in paragraph at lines 10121--10128
\OT1/txr/m/n/12 rem, in \OT1/txr/m/sl/12 Pro-cesses, Terms and Cy-cles: Steps o
n the Road to In-fin-ity\OT1/txr/m/n/12 , Lec-ture
 []


Underfull \hbox (badness 1881) in paragraph at lines 10121--10128
\OT1/txr/m/n/12 Notes in Com-puter Sci-ence \OT1/txr/bx/n/12 3838\OT1/txr/m/n/1
2 , Springer, 2005, pp. 554--638. Also avail-able at
 []

[154]
Underfull \hbox (badness 10000) in paragraph at lines 10171--10172
[]\OT1/txr/m/n/12 A. Preller, J. Lam-bek, Free com-pact 2-categories, \OT1/txr/
m/sl/12 Math-e-mat-i-cal Struc-
 []


Underfull \hbox (badness 10000) in paragraph at lines 10171--10172
\OT1/txr/m/sl/12 tures in Com-puter Sci-ence \OT1/txr/bx/n/12 17 \OT1/txr/m/n/1
2 2 (April 2007), 309--340. Also avail-able at
 []


Underfull \hbox (badness 5077) in paragraph at lines 10187--10188
[]\OT1/txr/m/n/12 E. P. Robin-son and J. Power. Pre-monoidal cat-e-gories and n
o-tions of com-pu-
 []


Underfull \hbox (badness 7116) in paragraph at lines 10187--10188
\OT1/txr/m/n/12 ta-tion. \OT1/txr/m/sl/12 Math. Struct. in Comp. Sci. \OT1/txr/
bx/n/12 7 \OT1/txr/m/n/12 5 (1997), 453--468. Also avail-able at
 []


Underfull \hbox (badness 10000) in paragraph at lines 10201--10204
[]\OT1/txr/m/n/12 C. Schommer-Pries, The Clas-si-fi-ca-tion of two-dimensional 
ex-
 []


Underfull \hbox (badness 10000) in paragraph at lines 10201--10204
\OT1/txr/m/n/12 tended topo-log-i-cal field the-o-ries, PhD the-sis. Avail-able
 at
 []

[155]
Underfull \hbox (badness 10000) in paragraph at lines 10255--10256
[]\OT1/txr/m/n/12 M. Shul-man, Con-struct-ing sym-met-ric monoidal bi-cat-e-gor
ies. Avali-able at
 []

[156] [157] [158]
Package atveryend Info: Empty hook `BeforeClearDocument' on input line 10368.
Package atveryend Info: Empty hook `AfterLastShipout' on input line 10368.
 (./phdthesis.aux)
Package atveryend Info: Empty hook `AtVeryEndDocument' on input line 10368.
Package atveryend Info: Executing hook `AtEndAfterFileList' on input line 10368
.
Package rerunfilecheck Info: File `phdthesis.out' has not changed.
(rerunfilecheck)             Checksum: 98AD6B445D7E4302A4C2C9682606A99C;3232.


LaTeX Font Warning: Size substitutions with differences
(Font)              up to 1.28pt have occurred.

Package atveryend Info: Empty hook `AtVeryVeryEnd' on input line 10368.
 ) 
Here is how much of TeX's memory you used:
 25393 strings out of 494214
 456138 string characters out of 6157488
 791820 words of memory out of 5000000
 28157 multiletter control sequences out of 15000+600000
 53896 words of font info for 162 fonts, out of 8000000 for 9000
 430 hyphenation exceptions out of 8191
 55i,27n,69p,1480b,1305s stack positions out of 5000i,500n,10000p,200000b,80000s

Output written on phdthesis.dvi (166 pages, 2215172 bytes).
